  Source.cpp
c:\users\illya\source\repos\decision_theory\decision_theory\source.cpp(23): warning C4018: <: несоответствие типов со знаком и без знака
c:\users\illya\source\repos\decision_theory\decision_theory\source.cpp(856): warning C4018: <: несоответствие типов со знаком и без знака
c:\users\illya\source\repos\decision_theory\decision_theory\source.cpp(885): warning C4018: <: несоответствие типов со знаком и без знака
c:\users\illya\source\repos\decision_theory\decision_theory\source.cpp(896): warning C4018: <: несоответствие типов со знаком и без знака
c:\users\illya\source\repos\decision_theory\decision_theory\source.cpp(898): warning C4018: <: несоответствие типов со знаком и без знака
c:\users\illya\source\repos\decision_theory\decision_theory\source.cpp(899): warning C4018: <: несоответствие типов со знаком и без знака
c:\users\illya\source\repos\decision_theory\decision_theory\source.cpp(906): warning C4018: <: несоответствие типов со знаком и без знака
c:\users\illya\source\repos\decision_theory\decision_theory\source.cpp(949): warning C4018: <: несоответствие типов со знаком и без знака
c:\users\illya\source\repos\decision_theory\decision_theory\source.cpp(950): warning C4018: <: несоответствие типов со знаком и без знака
c:\users\illya\source\repos\decision_theory\decision_theory\source.cpp(958): warning C4018: <: несоответствие типов со знаком и без знака
c:\users\illya\source\repos\decision_theory\decision_theory\source.cpp(959): warning C4018: <: несоответствие типов со знаком и без знака
c:\users\illya\source\repos\decision_theory\decision_theory\source.cpp(1373): warning C4018: <: несоответствие типов со знаком и без знака
c:\users\illya\source\repos\decision_theory\decision_theory\source.cpp(1544): warning C4244: =: преобразование "double" в "float", возможна потеря данных
c:\users\illya\source\repos\decision_theory\decision_theory\source.cpp(1581): warning C4244: =: преобразование "double" в "float", возможна потеря данных
c:\users\illya\source\repos\decision_theory\decision_theory\source.cpp(1699): warning C4244: =: преобразование "double" в "float", возможна потеря данных
c:\users\illya\source\repos\decision_theory\decision_theory\source.cpp(1881): warning C4018: <: несоответствие типов со знаком и без знака
c:\users\illya\source\repos\decision_theory\decision_theory\source.cpp(1882): warning C4018: <: несоответствие типов со знаком и без знака
c:\users\illya\source\repos\decision_theory\decision_theory\source.cpp(1927): warning C4018: <: несоответствие типов со знаком и без знака
c:\users\illya\source\repos\decision_theory\decision_theory\source.cpp(1928): warning C4018: <: несоответствие типов со знаком и без знака
c:\users\illya\source\repos\decision_theory\decision_theory\source.cpp(1938): warning C4018: <: несоответствие типов со знаком и без знака
c:\users\illya\source\repos\decision_theory\decision_theory\source.cpp(1941): warning C4018: <: несоответствие типов со знаком и без знака
c:\users\illya\source\repos\decision_theory\decision_theory\source.cpp(1985): warning C4018: <: несоответствие типов со знаком и без знака
c:\users\illya\source\repos\decision_theory\decision_theory\source.cpp(1986): warning C4018: <: несоответствие типов со знаком и без знака
c:\users\illya\source\repos\decision_theory\decision_theory\source.cpp(2014): warning C4018: <: несоответствие типов со знаком и без знака
c:\users\illya\source\repos\decision_theory\decision_theory\source.cpp(2015): warning C4018: <: несоответствие типов со знаком и без знака
c:\users\illya\source\repos\decision_theory\decision_theory\source.cpp(2017): warning C4018: <: несоответствие типов со знаком и без знака
c:\users\illya\source\repos\decision_theory\decision_theory\source.cpp(2041): warning C4018: <: несоответствие типов со знаком и без знака
c:\users\illya\source\repos\decision_theory\decision_theory\source.cpp(2042): warning C4018: <: несоответствие типов со знаком и без знака
c:\users\illya\source\repos\decision_theory\decision_theory\source.cpp(2050): warning C4018: <: несоответствие типов со знаком и без знака
c:\users\illya\source\repos\decision_theory\decision_theory\source.cpp(2052): warning C4018: <: несоответствие типов со знаком и без знака
c:\users\illya\source\repos\decision_theory\decision_theory\source.cpp(2055): warning C4018: <: несоответствие типов со знаком и без знака
c:\users\illya\source\repos\decision_theory\decision_theory\source.cpp(2057): warning C4018: <: несоответствие типов со знаком и без знака
c:\users\illya\source\repos\decision_theory\decision_theory\source.cpp(2082): warning C4018: <: несоответствие типов со знаком и без знака
c:\users\illya\source\repos\decision_theory\decision_theory\source.cpp(2084): warning C4018: <: несоответствие типов со знаком и без знака
c:\users\illya\source\repos\decision_theory\decision_theory\source.cpp(2087): warning C4018: <: несоответствие типов со знаком и без знака
c:\users\illya\source\repos\decision_theory\decision_theory\source.cpp(2089): warning C4018: <: несоответствие типов со знаком и без знака
c:\users\illya\source\repos\decision_theory\decision_theory\source.cpp(2127): warning C4018: <: несоответствие типов со знаком и без знака
c:\users\illya\source\repos\decision_theory\decision_theory\source.cpp(2128): warning C4244: +=: преобразование "double" в "float", возможна потеря данных
c:\users\illya\source\repos\decision_theory\decision_theory\source.cpp(2130): warning C4018: <: несоответствие типов со знаком и без знака
c:\users\illya\source\repos\decision_theory\decision_theory\source.cpp(2131): warning C4244: +=: преобразование "double" в "float", возможна потеря данных
c:\users\illya\source\repos\decision_theory\decision_theory\source.cpp(2138): warning C4018: <: несоответствие типов со знаком и без знака
c:\users\illya\source\repos\decision_theory\decision_theory\source.cpp(2140): warning C4018: <: несоответствие типов со знаком и без знака
c:\users\illya\source\repos\decision_theory\decision_theory\source.cpp(2157): warning C4018: >: несоответствие типов со знаком и без знака
c:\users\illya\source\repos\decision_theory\decision_theory\source.cpp(2205): warning C4244: +=: преобразование "double" в "float", возможна потеря данных
c:\users\illya\source\repos\decision_theory\decision_theory\source.cpp(2536): warning C4244: =: преобразование "float" в "int", возможна потеря данных
c:\users\illya\source\repos\decision_theory\decision_theory\source.cpp(2605): warning C4244: =: преобразование "float" в "int", возможна потеря данных
c:\users\illya\source\repos\decision_theory\decision_theory\source.cpp(2680): warning C4244: =: преобразование "float" в "int", возможна потеря данных
c:\users\illya\source\repos\decision_theory\decision_theory\source.cpp(2695): warning C4244: =: преобразование "float" в "int", возможна потеря данных
c:\users\illya\source\repos\decision_theory\decision_theory\source.cpp(2772): warning C4244: +=: преобразование "float" в "int", возможна потеря данных
c:\users\illya\source\repos\decision_theory\decision_theory\source.cpp(2928): warning C4244: =: преобразование "double" в "int", возможна потеря данных
c:\users\illya\source\repos\decision_theory\decision_theory\source.cpp(2933): warning C4244: +=: преобразование "float" в "int", возможна потеря данных
c:\users\illya\source\repos\decision_theory\decision_theory\source.cpp(3190): warning C4018: <: несоответствие типов со знаком и без знака
c:\users\illya\source\repos\decision_theory\decision_theory\source.cpp(3206): warning C4244: =: преобразование "int" в "float", возможна потеря данных
c:\users\illya\source\repos\decision_theory\decision_theory\source.cpp(3209): warning C4244: =: преобразование "int" в "float", возможна потеря данных
c:\users\illya\source\repos\decision_theory\decision_theory\source.cpp(3212): warning C4244: =: преобразование "int" в "float", возможна потеря данных
c:\users\illya\source\repos\decision_theory\decision_theory\source.cpp(3215): warning C4244: =: преобразование "int" в "float", возможна потеря данных
c:\users\illya\source\repos\decision_theory\decision_theory\source.cpp(3218): warning C4244: =: преобразование "int" в "float", возможна потеря данных
c:\users\illya\source\repos\decision_theory\decision_theory\source.cpp(3270): warning C4018: <: несоответствие типов со знаком и без знака
c:\users\illya\source\repos\decision_theory\decision_theory\source.cpp(3286): warning C4244: =: преобразование "int" в "float", возможна потеря данных
c:\users\illya\source\repos\decision_theory\decision_theory\source.cpp(3289): warning C4244: =: преобразование "int" в "float", возможна потеря данных
c:\users\illya\source\repos\decision_theory\decision_theory\source.cpp(3292): warning C4244: =: преобразование "int" в "float", возможна потеря данных
c:\users\illya\source\repos\decision_theory\decision_theory\source.cpp(3295): warning C4244: =: преобразование "int" в "float", возможна потеря данных
c:\users\illya\source\repos\decision_theory\decision_theory\source.cpp(3298): warning C4244: =: преобразование "int" в "float", возможна потеря данных
c:\users\illya\source\repos\decision_theory\decision_theory\source.cpp(3357): warning C4018: <: несоответствие типов со знаком и без знака
c:\users\illya\source\repos\decision_theory\decision_theory\source.cpp(3365): warning C4018: <: несоответствие типов со знаком и без знака
c:\users\illya\source\repos\decision_theory\decision_theory\source.cpp(3378): warning C4018: <: несоответствие типов со знаком и без знака
c:\users\illya\source\repos\decision_theory\decision_theory\source.cpp(3396): warning C4244: +=: преобразование "float" в "int", возможна потеря данных
c:\users\illya\source\repos\decision_theory\decision_theory\source.cpp(3398): warning C4244: =: преобразование "int" в "float", возможна потеря данных
c:\users\illya\source\repos\decision_theory\decision_theory\source.cpp(3420): warning C4018: <: несоответствие типов со знаком и без знака
c:\users\illya\source\repos\decision_theory\decision_theory\source.cpp(3423): warning C4018: <: несоответствие типов со знаком и без знака
c:\users\illya\source\repos\decision_theory\decision_theory\source.cpp(3431): warning C4018: <: несоответствие типов со знаком и без знака
c:\users\illya\source\repos\decision_theory\decision_theory\source.cpp(3601): warning C4305: +=: усечение из "double" в "float"
  decision_theory.vcxproj -> C:\Users\illya\source\repos\decision_theory\Debug\decision_theory.exe
